[0m19:05:55.245501 [debug] [MainThread]: Sending event: {'category': 'dbt', 'action': 'invocation', 'label': 'start', 'context': [<snowplow_tracker.self_describing_json.SelfDescribingJson object at 0x10fb362d0>, <snowplow_tracker.self_describing_json.SelfDescribingJson object at 0x10fb35410>, <snowplow_tracker.self_describing_json.SelfDescribingJson object at 0x10fb57fd0>]}


============================== 19:05:55.249761 | 0660bafa-b37d-435a-8a6b-34aa89836f6b ==============================
[0m19:05:55.249761 [info ] [MainThread]: Running with dbt=1.11.8
[0m19:05:55.250040 [debug] [MainThread]: running dbt with arguments {'debug': 'False', 'log_format': 'default', 'version_check': 'True', 'log_cache_events': 'False', 'profiles_dir': '/Users/francis/.dbt', 'fail_fast': 'False', 'indirect_selection': 'eager', 'log_path': 'logs', 'invocation_command': 'dbt init nhs_dbt', 'empty': 'None', 'introspect': 'True', 'write_json': 'True', 'warn_error': 'None', 'use_experimental_parser': 'False', 'quiet': 'False', 'cache_selected_only': 'False', 'send_anonymous_usage_stats': 'True', 'target_path': 'None', 'static_parser': 'True', 'partial_parse': 'True', 'use_colors': 'True', 'printer_width': '80', 'no_print': 'None', 'warn_error_options': 'WarnErrorOptionsV2(error=[], warn=[], silence=[])'}
[0m19:05:55.260188 [debug] [MainThread]: Starter project path: /opt/homebrew/lib/python3.11/site-packages/dbt/include/starter_project
[0m19:05:55.265251 [info ] [MainThread]: 
Your new dbt project "nhs_dbt" was created!

For more information on how to configure the profiles.yml file,
please consult the dbt documentation here:

  https://docs.getdbt.com/docs/configure-your-profile

One more thing:

Need help? Don't hesitate to reach out to us via GitHub issues or on Slack:

  https://community.getdbt.com/

Happy modeling!

[0m19:05:55.265519 [info ] [MainThread]: Setting up your profile.
[0m19:06:07.539758 [debug] [MainThread]: Snowflake adapter: Setting snowflake.connector to ERROR (file logging only)
[0m19:06:07.540022 [debug] [MainThread]: Snowflake adapter: Setting botocore to ERROR (file logging only)
[0m19:06:07.540154 [debug] [MainThread]: Snowflake adapter: Setting boto3 to ERROR (file logging only)
[0m19:08:31.129339 [info ] [MainThread]: Profile nhs_dbt written to /Users/francis/.dbt/profiles.yml using target's profile_template.yml and your supplied values. Run 'dbt debug' to validate the connection.
[0m19:08:31.142427 [debug] [MainThread]: Resource report: {"command_name": "init", "command_success": true, "command_wall_clock_time": 155.97752, "process_in_blocks": "0", "process_kernel_time": 0.24318, "process_mem_max_rss": "216612864", "process_out_blocks": "0", "process_user_time": 1.138444}
[0m19:08:31.145276 [debug] [MainThread]: Command `dbt init` succeeded at 19:08:31.145067 after 155.98 seconds
[0m19:08:31.146229 [debug] [MainThread]: Sending event: {'category': 'dbt', 'action': 'invocation', 'label': 'end', 'context': [<snowplow_tracker.self_describing_json.SelfDescribingJson object at 0x10fafb550>, <snowplow_tracker.self_describing_json.SelfDescribingJson object at 0x104a9e750>, <snowplow_tracker.self_describing_json.SelfDescribingJson object at 0x119b0b550>]}
[0m19:08:31.147471 [debug] [MainThread]: Flushing usage events
[0m19:08:31.626350 [debug] [MainThread]: An error was encountered while trying to flush usage events
[0m19:08:42.927389 [debug] [MainThread]: Sending event: {'category': 'dbt', 'action': 'invocation', 'label': 'start', 'context': [<snowplow_tracker.self_describing_json.SelfDescribingJson object at 0x122c370d0>, <snowplow_tracker.self_describing_json.SelfDescribingJson object at 0x1206e3650>, <snowplow_tracker.self_describing_json.SelfDescribingJson object at 0x122c43f50>]}


============================== 19:08:42.930270 | d6b3525b-618d-412f-bd91-73bbb008e14e ==============================
[0m19:08:42.930270 [info ] [MainThread]: Running with dbt=1.11.8
[0m19:08:42.930510 [debug] [MainThread]: running dbt with arguments {'log_format': 'default', 'warn_error_options': 'WarnErrorOptionsV2(error=[], warn=[], silence=[])', 'use_colors': 'True', 'invocation_command': 'dbt debug', 'debug': 'False', 'quiet': 'False', 'partial_parse': 'True', 'target_path': 'None', 'profiles_dir': '/Users/francis/.dbt', 'printer_width': '80', 'static_parser': 'True', 'warn_error': 'None', 'cache_selected_only': 'False', 'fail_fast': 'False', 'introspect': 'True', 'no_print': 'None', 'log_path': 'logs', 'empty': 'None', 'version_check': 'True', 'send_anonymous_usage_stats': 'True', 'indirect_selection': 'eager', 'log_cache_events': 'False', 'use_experimental_parser': 'False', 'write_json': 'True'}
[0m19:08:42.939443 [info ] [MainThread]: dbt version: 1.11.8
[0m19:08:42.939632 [info ] [MainThread]: python version: 3.11.14
[0m19:08:42.939761 [info ] [MainThread]: python path: /opt/homebrew/opt/python@3.11/bin/python3.11
[0m19:08:42.939878 [info ] [MainThread]: os info: macOS-15.3-arm64-arm-64bit
[0m19:08:43.476580 [debug] [MainThread]: Snowflake adapter: Setting snowflake.connector to ERROR (file logging only)
[0m19:08:43.476810 [debug] [MainThread]: Snowflake adapter: Setting botocore to ERROR (file logging only)
[0m19:08:43.476924 [debug] [MainThread]: Snowflake adapter: Setting boto3 to ERROR (file logging only)
[0m19:08:43.497792 [info ] [MainThread]: Using profiles dir at /Users/francis/.dbt
[0m19:08:43.497954 [info ] [MainThread]: Using profiles.yml file at /Users/francis/.dbt/profiles.yml
[0m19:08:43.498077 [info ] [MainThread]: Using dbt_project.yml file at /Users/francis/Desktop/Data Engineering/NHS-analytics-warehouse/dbt_project.yml
[0m19:08:43.498220 [error] [MainThread]: Encountered an error:
Internal Error
  Profile should not be None if loading profile completed
[0m19:08:43.499611 [debug] [MainThread]: Resource report: {"command_name": "debug", "command_success": false, "command_wall_clock_time": 0.5996832, "process_in_blocks": "0", "process_kernel_time": 0.188886, "process_mem_max_rss": "221462528", "process_out_blocks": "0", "process_user_time": 1.101934}
[0m19:08:43.499911 [debug] [MainThread]: Command `dbt debug` failed at 19:08:43.499869 after 0.60 seconds
[0m19:08:43.500054 [debug] [MainThread]: Sending event: {'category': 'dbt', 'action': 'invocation', 'label': 'end', 'context': [<snowplow_tracker.self_describing_json.SelfDescribingJson object at 0x1003aba10>, <snowplow_tracker.self_describing_json.SelfDescribingJson object at 0x122c35590>, <snowplow_tracker.self_describing_json.SelfDescribingJson object at 0x1215f4090>]}
[0m19:08:43.500193 [debug] [MainThread]: Flushing usage events
[0m19:08:43.922935 [debug] [MainThread]: An error was encountered while trying to flush usage events
